Arguments: 
  /usr/bin/node /usr/bin/yarn add bootstrap-sass --dev

PATH: 
  /home/kamil/bin:/home/kamil/.local/bin:/usr/local/sbin:/usr/local/bin:/usr/sbin:/usr/bin:/sbin:/bin:/usr/games:/usr/local/games:/snap/bin

Yarn version: 
  1.3.2

Node version: 
  8.7.0

Platform: 
  linux x64

npm manifest: 
  {
    "devDependencies": {
      "bootstrap-sass": "^3.3.7"
    }
  }

yarn manifest: 
  No manifest

Lockfile: 
  # THIS IS AN AUTOGENERATED FILE. DO NOT EDIT THIS FILE DIRECTLY.
  # yarn lockfile v1
  
  
  bootstrap-sass@^3.3.7:
    version "3.3.7"
    resolved "https://registry.yarnpkg.com/bootstrap-sass/-/bootstrap-sass-3.3.7.tgz#6596c7ab40f6637393323ab0bc80d064fc630498"

Trace: 
  Error: EACCES: permission denied, open '/home/kamil/na_spalonym/package.json'
